<?xml version="1.0" encoding="UTF-8"?>
<testsuite xmlns:xsi="http://www.w3.org/2001/XMLSchema-instance" xsi:noNamespaceSchemaLocation="https://maven.apache.org/surefire/maven-surefire-plugin/xsd/surefire-test-report.xsd" name="TestSuite" time="7.323" tests="4" errors="0" skipped="0" failures="0">
  <properties>
    <property name="gopherProxySet" value="false"/>
    <property name="awt.toolkit" value="sun.lwawt.macosx.LWCToolkit"/>
    <property name="file.encoding.pkg" value="sun.io"/>
    <property name="java.specification.version" value="1.8"/>
    <property name="sun.cpu.isalist" value=""/>
    <property name="sun.jnu.encoding" value="UTF-8"/>
    <property name="java.class.path" value="/Users/b0216240/Desktop/TestJavaProject/RestAssuredAssignment/target/test-classes:/Users/b0216240/Desktop/TestJavaProject/RestAssuredAssignment/target/classes:/Users/b0216240/.m2/repository/io/rest-assured/rest-assured/4.4.0/rest-assured-4.4.0.jar:/Users/b0216240/.m2/repository/org/codehaus/groovy/groovy/3.0.8/groovy-3.0.8.jar:/Users/b0216240/.m2/repository/org/codehaus/groovy/groovy-xml/3.0.8/groovy-xml-3.0.8.jar:/Users/b0216240/.m2/repository/org/apache/httpcomponents/httpclient/4.5.13/httpclient-4.5.13.jar:/Users/b0216240/.m2/repository/org/apache/httpcomponents/httpcore/4.4.13/httpcore-4.4.13.jar:/Users/b0216240/.m2/repository/commons-logging/commons-logging/1.2/commons-logging-1.2.jar:/Users/b0216240/.m2/repository/org/apache/httpcomponents/httpmime/4.5.13/httpmime-4.5.13.jar:/Users/b0216240/.m2/repository/org/hamcrest/hamcrest/2.1/hamcrest-2.1.jar:/Users/b0216240/.m2/repository/org/ccil/cowan/tagsoup/tagsoup/1.2.1/tagsoup-1.2.1.jar:/Users/b0216240/.m2/repository/io/rest-assured/json-path/4.4.0/json-path-4.4.0.jar:/Users/b0216240/.m2/repository/org/codehaus/groovy/groovy-json/3.0.8/groovy-json-3.0.8.jar:/Users/b0216240/.m2/repository/io/rest-assured/rest-assured-common/4.4.0/rest-assured-common-4.4.0.jar:/Users/b0216240/.m2/repository/io/rest-assured/xml-path/4.4.0/xml-path-4.4.0.jar:/Users/b0216240/.m2/repository/org/apache/commons/commons-lang3/3.11/commons-lang3-3.11.jar:/Users/b0216240/.m2/repository/jakarta/xml/bind/jakarta.xml.bind-api/2.3.3/jakarta.xml.bind-api-2.3.3.jar:/Users/b0216240/.m2/repository/jakarta/activation/jakarta.activation-api/1.2.2/jakarta.activation-api-1.2.2.jar:/Users/b0216240/.m2/repository/com/sun/xml/bind/jaxb-impl/2.3.3/jaxb-impl-2.3.3.jar:/Users/b0216240/.m2/repository/org/apache/poi/poi/5.0.0/poi-5.0.0.jar:/Users/b0216240/.m2/repository/org/slf4j/slf4j-api/1.7.30/slf4j-api-1.7.30.jar:/Users/b0216240/.m2/repository/org/slf4j/jcl-over-slf4j/1.7.30/jcl-over-slf4j-1.7.30.jar:/Users/b0216240/.m2/repository/commons-codec/commons-codec/1.15/commons-codec-1.15.jar:/Users/b0216240/.m2/repository/org/apache/commons/commons-collections4/4.4/commons-collections4-4.4.jar:/Users/b0216240/.m2/repository/org/apache/commons/commons-math3/3.6.1/commons-math3-3.6.1.jar:/Users/b0216240/.m2/repository/com/zaxxer/SparseBitSet/1.2/SparseBitSet-1.2.jar:/Users/b0216240/.m2/repository/org/testng/testng/7.4.0/testng-7.4.0.jar:/Users/b0216240/.m2/repository/com/beust/jcommander/1.78/jcommander-1.78.jar:/Users/b0216240/.m2/repository/org/webjars/jquery/3.5.1/jquery-3.5.1.jar:/Users/b0216240/.m2/repository/com/googlecode/json-simple/json-simple/1.1.1/json-simple-1.1.1.jar:/Users/b0216240/.m2/repository/junit/junit/4.10/junit-4.10.jar:/Users/b0216240/.m2/repository/org/hamcrest/hamcrest-core/1.1/hamcrest-core-1.1.jar:/Users/b0216240/.m2/repository/org/apache/poi/poi-ooxml/5.0.0/poi-ooxml-5.0.0.jar:/Users/b0216240/.m2/repository/org/apache/poi/poi-ooxml-lite/5.0.0/poi-ooxml-lite-5.0.0.jar:/Users/b0216240/.m2/repository/org/apache/xmlbeans/xmlbeans/4.0.0/xmlbeans-4.0.0.jar:/Users/b0216240/.m2/repository/xml-apis/xml-apis/1.4.01/xml-apis-1.4.01.jar:/Users/b0216240/.m2/repository/org/apache/commons/commons-compress/1.20/commons-compress-1.20.jar:/Users/b0216240/.m2/repository/com/github/virtuald/curvesapi/1.06/curvesapi-1.06.jar:/Users/b0216240/.m2/repository/org/bouncycastle/bcpkix-jdk15on/1.68/bcpkix-jdk15on-1.68.jar:/Users/b0216240/.m2/repository/org/bouncycastle/bcprov-jdk15on/1.68/bcprov-jdk15on-1.68.jar:/Users/b0216240/.m2/repository/org/apache/santuario/xmlsec/2.2.1/xmlsec-2.2.1.jar:/Users/b0216240/.m2/repository/com/fasterxml/woodstox/woodstox-core/5.2.1/woodstox-core-5.2.1.jar:/Users/b0216240/.m2/repository/org/codehaus/woodstox/stax2-api/4.2/stax2-api-4.2.jar:/Users/b0216240/.m2/repository/org/apache/xmlgraphics/batik-all/1.13/batik-all-1.13.jar:/Users/b0216240/.m2/repository/org/apache/xmlgraphics/batik-anim/1.13/batik-anim-1.13.jar:/Users/b0216240/.m2/repository/org/apache/xmlgraphics/batik-shared-resources/1.13/batik-shared-resources-1.13.jar:/Users/b0216240/.m2/repository/xml-apis/xml-apis-ext/1.3.04/xml-apis-ext-1.3.04.jar:/Users/b0216240/.m2/repository/org/apache/xmlgraphics/batik-awt-util/1.13/batik-awt-util-1.13.jar:/Users/b0216240/.m2/repository/org/apache/xmlgraphics/xmlgraphics-commons/2.4/xmlgraphics-commons-2.4.jar:/Users/b0216240/.m2/repository/commons-io/commons-io/1.3.1/commons-io-1.3.1.jar:/Users/b0216240/.m2/repository/org/apache/xmlgraphics/batik-bridge/1.13/batik-bridge-1.13.jar:/Users/b0216240/.m2/repository/org/apache/xmlgraphics/batik-codec/1.13/batik-codec-1.13.jar:/Users/b0216240/.m2/repository/org/apache/xmlgraphics/batik-constants/1.13/batik-constants-1.13.jar:/Users/b0216240/.m2/repository/org/apache/xmlgraphics/batik-css/1.13/batik-css-1.13.jar:/Users/b0216240/.m2/repository/org/apache/xmlgraphics/batik-dom/1.13/batik-dom-1.13.jar:/Users/b0216240/.m2/repository/xalan/xalan/2.7.2/xalan-2.7.2.jar:/Users/b0216240/.m2/repository/xalan/serializer/2.7.2/serializer-2.7.2.jar:/Users/b0216240/.m2/repository/org/apache/xmlgraphics/batik-ext/1.13/batik-ext-1.13.jar:/Users/b0216240/.m2/repository/org/apache/xmlgraphics/batik-extension/1.13/batik-extension-1.13.jar:/Users/b0216240/.m2/repository/org/apache/xmlgraphics/batik-gui-util/1.13/batik-gui-util-1.13.jar:/Users/b0216240/.m2/repository/org/apache/xmlgraphics/batik-gvt/1.13/batik-gvt-1.13.jar:/Users/b0216240/.m2/repository/org/apache/xmlgraphics/batik-i18n/1.13/batik-i18n-1.13.jar:/Users/b0216240/.m2/repository/org/apache/xmlgraphics/batik-parser/1.13/batik-parser-1.13.jar:/Users/b0216240/.m2/repository/org/apache/xmlgraphics/batik-rasterizer-ext/1.13/batik-rasterizer-ext-1.13.jar:/Users/b0216240/.m2/repository/org/apache/xmlgraphics/batik-rasterizer/1.13/batik-rasterizer-1.13.jar:/Users/b0216240/.m2/repository/org/apache/xmlgraphics/batik-script/1.13/batik-script-1.13.jar:/Users/b0216240/.m2/repository/org/apache/xmlgraphics/batik-slideshow/1.13/batik-slideshow-1.13.jar:/Users/b0216240/.m2/repository/org/apache/xmlgraphics/batik-squiggle-ext/1.13/batik-squiggle-ext-1.13.jar:/Users/b0216240/.m2/repository/org/apache/xmlgraphics/batik-squiggle/1.13/batik-squiggle-1.13.jar:/Users/b0216240/.m2/repository/org/apache/xmlgraphics/batik-svg-dom/1.13/batik-svg-dom-1.13.jar:/Users/b0216240/.m2/repository/org/apache/xmlgraphics/batik-svgbrowser/1.13/batik-svgbrowser-1.13.jar:/Users/b0216240/.m2/repository/org/apache/xmlgraphics/batik-svggen/1.13/batik-svggen-1.13.jar:/Users/b0216240/.m2/repository/org/apache/xmlgraphics/batik-svgpp/1.13/batik-svgpp-1.13.jar:/Users/b0216240/.m2/repository/org/apache/xmlgraphics/batik-svgrasterizer/1.13/batik-svgrasterizer-1.13.jar:/Users/b0216240/.m2/repository/org/apache/xmlgraphics/batik-swing/1.13/batik-swing-1.13.jar:/Users/b0216240/.m2/repository/org/apache/xmlgraphics/batik-transcoder/1.13/batik-transcoder-1.13.jar:/Users/b0216240/.m2/repository/org/apache/xmlgraphics/batik-util/1.13/batik-util-1.13.jar:/Users/b0216240/.m2/repository/org/apache/xmlgraphics/batik-ttf2svg/1.13/batik-ttf2svg-1.13.jar:/Users/b0216240/.m2/repository/org/apache/xmlgraphics/batik-xml/1.13/batik-xml-1.13.jar:/Users/b0216240/.m2/repository/de/rototor/pdfbox/graphics2d/0.30/graphics2d-0.30.jar:/Users/b0216240/.m2/repository/org/apache/pdfbox/pdfbox/2.0.22/pdfbox-2.0.22.jar:/Users/b0216240/.m2/repository/org/apache/pdfbox/fontbox/2.0.22/fontbox-2.0.22.jar:/Users/b0216240/.m2/repository/com/fasterxml/jackson/core/jackson-databind/2.12.4/jackson-databind-2.12.4.jar:/Users/b0216240/.m2/repository/com/fasterxml/jackson/core/jackson-annotations/2.12.4/jackson-annotations-2.12.4.jar:/Users/b0216240/.m2/repository/com/fasterxml/jackson/core/jackson-core/2.12.4/jackson-core-2.12.4.jar:/Users/b0216240/.m2/repository/org/apache/maven/surefire/surefire-testng-utils/2.21.0/surefire-testng-utils-2.21.0.jar:/Users/b0216240/.m2/repository/org/apache/maven/surefire/surefire-grouper/2.21.0/surefire-grouper-2.21.0.jar:"/>
    <property name="java.vm.vendor" value="Oracle Corporation"/>
    <property name="sun.arch.data.model" value="64"/>
    <property name="java.vendor.url" value="http://java.oracle.com/"/>
    <property name="user.timezone" value=""/>
    <property name="suiteXmlFile" value="testng.xml"/>
    <property name="java.vm.specification.version" value="1.8"/>
    <property name="os.name" value="Mac OS X"/>
    <property name="user.country" value="IN"/>
    <property name="sun.java.launcher" value="SUN_STANDARD"/>
    <property name="sun.boot.library.path" value="/Library/Java/JavaVirtualMachines/jdk1.8.0_241.jdk/Contents/Home/jre/lib"/>
    <property name="sun.java.command" value="/Users/b0216240/Desktop/TestJavaProject/RestAssuredAssignment/target/surefire/surefirebooter3676195005191357317.jar /Users/b0216240/Desktop/TestJavaProject/RestAssuredAssignment/target/surefire 2021-07-30T10-59-35_060-jvmRun1 surefire4910008878009245100tmp surefire_08200687639725437272tmp"/>
    <property name="http.nonProxyHosts" value="local|*.local|169.254/16|*.169.254/16"/>
    <property name="surefire.test.class.path" value="/Users/b0216240/Desktop/TestJavaProject/RestAssuredAssignment/target/test-classes:/Users/b0216240/Desktop/TestJavaProject/RestAssuredAssignment/target/classes:/Users/b0216240/.m2/repository/io/rest-assured/rest-assured/4.4.0/rest-assured-4.4.0.jar:/Users/b0216240/.m2/repository/org/codehaus/groovy/groovy/3.0.8/groovy-3.0.8.jar:/Users/b0216240/.m2/repository/org/codehaus/groovy/groovy-xml/3.0.8/groovy-xml-3.0.8.jar:/Users/b0216240/.m2/repository/org/apache/httpcomponents/httpclient/4.5.13/httpclient-4.5.13.jar:/Users/b0216240/.m2/repository/org/apache/httpcomponents/httpcore/4.4.13/httpcore-4.4.13.jar:/Users/b0216240/.m2/repository/commons-logging/commons-logging/1.2/commons-logging-1.2.jar:/Users/b0216240/.m2/repository/org/apache/httpcomponents/httpmime/4.5.13/httpmime-4.5.13.jar:/Users/b0216240/.m2/repository/org/hamcrest/hamcrest/2.1/hamcrest-2.1.jar:/Users/b0216240/.m2/repository/org/ccil/cowan/tagsoup/tagsoup/1.2.1/tagsoup-1.2.1.jar:/Users/b0216240/.m2/repository/io/rest-assured/json-path/4.4.0/json-path-4.4.0.jar:/Users/b0216240/.m2/repository/org/codehaus/groovy/groovy-json/3.0.8/groovy-json-3.0.8.jar:/Users/b0216240/.m2/repository/io/rest-assured/rest-assured-common/4.4.0/rest-assured-common-4.4.0.jar:/Users/b0216240/.m2/repository/io/rest-assured/xml-path/4.4.0/xml-path-4.4.0.jar:/Users/b0216240/.m2/repository/org/apache/commons/commons-lang3/3.11/commons-lang3-3.11.jar:/Users/b0216240/.m2/repository/jakarta/xml/bind/jakarta.xml.bind-api/2.3.3/jakarta.xml.bind-api-2.3.3.jar:/Users/b0216240/.m2/repository/jakarta/activation/jakarta.activation-api/1.2.2/jakarta.activation-api-1.2.2.jar:/Users/b0216240/.m2/repository/com/sun/xml/bind/jaxb-impl/2.3.3/jaxb-impl-2.3.3.jar:/Users/b0216240/.m2/repository/org/apache/poi/poi/5.0.0/poi-5.0.0.jar:/Users/b0216240/.m2/repository/org/slf4j/slf4j-api/1.7.30/slf4j-api-1.7.30.jar:/Users/b0216240/.m2/repository/org/slf4j/jcl-over-slf4j/1.7.30/jcl-over-slf4j-1.7.30.jar:/Users/b0216240/.m2/repository/commons-codec/commons-codec/1.15/commons-codec-1.15.jar:/Users/b0216240/.m2/repository/org/apache/commons/commons-collections4/4.4/commons-collections4-4.4.jar:/Users/b0216240/.m2/repository/org/apache/commons/commons-math3/3.6.1/commons-math3-3.6.1.jar:/Users/b0216240/.m2/repository/com/zaxxer/SparseBitSet/1.2/SparseBitSet-1.2.jar:/Users/b0216240/.m2/repository/org/testng/testng/7.4.0/testng-7.4.0.jar:/Users/b0216240/.m2/repository/com/beust/jcommander/1.78/jcommander-1.78.jar:/Users/b0216240/.m2/repository/org/webjars/jquery/3.5.1/jquery-3.5.1.jar:/Users/b0216240/.m2/repository/com/googlecode/json-simple/json-simple/1.1.1/json-simple-1.1.1.jar:/Users/b0216240/.m2/repository/junit/junit/4.10/junit-4.10.jar:/Users/b0216240/.m2/repository/org/hamcrest/hamcrest-core/1.1/hamcrest-core-1.1.jar:/Users/b0216240/.m2/repository/org/apache/poi/poi-ooxml/5.0.0/poi-ooxml-5.0.0.jar:/Users/b0216240/.m2/repository/org/apache/poi/poi-ooxml-lite/5.0.0/poi-ooxml-lite-5.0.0.jar:/Users/b0216240/.m2/repository/org/apache/xmlbeans/xmlbeans/4.0.0/xmlbeans-4.0.0.jar:/Users/b0216240/.m2/repository/xml-apis/xml-apis/1.4.01/xml-apis-1.4.01.jar:/Users/b0216240/.m2/repository/org/apache/commons/commons-compress/1.20/commons-compress-1.20.jar:/Users/b0216240/.m2/repository/com/github/virtuald/curvesapi/1.06/curvesapi-1.06.jar:/Users/b0216240/.m2/repository/org/bouncycastle/bcpkix-jdk15on/1.68/bcpkix-jdk15on-1.68.jar:/Users/b0216240/.m2/repository/org/bouncycastle/bcprov-jdk15on/1.68/bcprov-jdk15on-1.68.jar:/Users/b0216240/.m2/repository/org/apache/santuario/xmlsec/2.2.1/xmlsec-2.2.1.jar:/Users/b0216240/.m2/repository/com/fasterxml/woodstox/woodstox-core/5.2.1/woodstox-core-5.2.1.jar:/Users/b0216240/.m2/repository/org/codehaus/woodstox/stax2-api/4.2/stax2-api-4.2.jar:/Users/b0216240/.m2/repository/org/apache/xmlgraphics/batik-all/1.13/batik-all-1.13.jar:/Users/b0216240/.m2/repository/org/apache/xmlgraphics/batik-anim/1.13/batik-anim-1.13.jar:/Users/b0216240/.m2/repository/org/apache/xmlgraphics/batik-shared-resources/1.13/batik-shared-resources-1.13.jar:/Users/b0216240/.m2/repository/xml-apis/xml-apis-ext/1.3.04/xml-apis-ext-1.3.04.jar:/Users/b0216240/.m2/repository/org/apache/xmlgraphics/batik-awt-util/1.13/batik-awt-util-1.13.jar:/Users/b0216240/.m2/repository/org/apache/xmlgraphics/xmlgraphics-commons/2.4/xmlgraphics-commons-2.4.jar:/Users/b0216240/.m2/repository/commons-io/commons-io/1.3.1/commons-io-1.3.1.jar:/Users/b0216240/.m2/repository/org/apache/xmlgraphics/batik-bridge/1.13/batik-bridge-1.13.jar:/Users/b0216240/.m2/repository/org/apache/xmlgraphics/batik-codec/1.13/batik-codec-1.13.jar:/Users/b0216240/.m2/repository/org/apache/xmlgraphics/batik-constants/1.13/batik-constants-1.13.jar:/Users/b0216240/.m2/repository/org/apache/xmlgraphics/batik-css/1.13/batik-css-1.13.jar:/Users/b0216240/.m2/repository/org/apache/xmlgraphics/batik-dom/1.13/batik-dom-1.13.jar:/Users/b0216240/.m2/repository/xalan/xalan/2.7.2/xalan-2.7.2.jar:/Users/b0216240/.m2/repository/xalan/serializer/2.7.2/serializer-2.7.2.jar:/Users/b0216240/.m2/repository/org/apache/xmlgraphics/batik-ext/1.13/batik-ext-1.13.jar:/Users/b0216240/.m2/repository/org/apache/xmlgraphics/batik-extension/1.13/batik-extension-1.13.jar:/Users/b0216240/.m2/repository/org/apache/xmlgraphics/batik-gui-util/1.13/batik-gui-util-1.13.jar:/Users/b0216240/.m2/repository/org/apache/xmlgraphics/batik-gvt/1.13/batik-gvt-1.13.jar:/Users/b0216240/.m2/repository/org/apache/xmlgraphics/batik-i18n/1.13/batik-i18n-1.13.jar:/Users/b0216240/.m2/repository/org/apache/xmlgraphics/batik-parser/1.13/batik-parser-1.13.jar:/Users/b0216240/.m2/repository/org/apache/xmlgraphics/batik-rasterizer-ext/1.13/batik-rasterizer-ext-1.13.jar:/Users/b0216240/.m2/repository/org/apache/xmlgraphics/batik-rasterizer/1.13/batik-rasterizer-1.13.jar:/Users/b0216240/.m2/repository/org/apache/xmlgraphics/batik-script/1.13/batik-script-1.13.jar:/Users/b0216240/.m2/repository/org/apache/xmlgraphics/batik-slideshow/1.13/batik-slideshow-1.13.jar:/Users/b0216240/.m2/repository/org/apache/xmlgraphics/batik-squiggle-ext/1.13/batik-squiggle-ext-1.13.jar:/Users/b0216240/.m2/repository/org/apache/xmlgraphics/batik-squiggle/1.13/batik-squiggle-1.13.jar:/Users/b0216240/.m2/repository/org/apache/xmlgraphics/batik-svg-dom/1.13/batik-svg-dom-1.13.jar:/Users/b0216240/.m2/repository/org/apache/xmlgraphics/batik-svgbrowser/1.13/batik-svgbrowser-1.13.jar:/Users/b0216240/.m2/repository/org/apache/xmlgraphics/batik-svggen/1.13/batik-svggen-1.13.jar:/Users/b0216240/.m2/repository/org/apache/xmlgraphics/batik-svgpp/1.13/batik-svgpp-1.13.jar:/Users/b0216240/.m2/repository/org/apache/xmlgraphics/batik-svgrasterizer/1.13/batik-svgrasterizer-1.13.jar:/Users/b0216240/.m2/repository/org/apache/xmlgraphics/batik-swing/1.13/batik-swing-1.13.jar:/Users/b0216240/.m2/repository/org/apache/xmlgraphics/batik-transcoder/1.13/batik-transcoder-1.13.jar:/Users/b0216240/.m2/repository/org/apache/xmlgraphics/batik-util/1.13/batik-util-1.13.jar:/Users/b0216240/.m2/repository/org/apache/xmlgraphics/batik-ttf2svg/1.13/batik-ttf2svg-1.13.jar:/Users/b0216240/.m2/repository/org/apache/xmlgraphics/batik-xml/1.13/batik-xml-1.13.jar:/Users/b0216240/.m2/repository/de/rototor/pdfbox/graphics2d/0.30/graphics2d-0.30.jar:/Users/b0216240/.m2/repository/org/apache/pdfbox/pdfbox/2.0.22/pdfbox-2.0.22.jar:/Users/b0216240/.m2/repository/org/apache/pdfbox/fontbox/2.0.22/fontbox-2.0.22.jar:/Users/b0216240/.m2/repository/com/fasterxml/jackson/core/jackson-databind/2.12.4/jackson-databind-2.12.4.jar:/Users/b0216240/.m2/repository/com/fasterxml/jackson/core/jackson-annotations/2.12.4/jackson-annotations-2.12.4.jar:/Users/b0216240/.m2/repository/com/fasterxml/jackson/core/jackson-core/2.12.4/jackson-core-2.12.4.jar:/Users/b0216240/.m2/repository/org/apache/maven/surefire/surefire-testng-utils/2.21.0/surefire-testng-utils-2.21.0.jar:/Users/b0216240/.m2/repository/org/apache/maven/surefire/surefire-grouper/2.21.0/surefire-grouper-2.21.0.jar:"/>
    <property name="sun.cpu.endian" value="little"/>
    <property name="user.home" value="/Users/b0216240"/>
    <property name="user.language" value="en"/>
    <property name="java.specification.vendor" value="Oracle Corporation"/>
    <property name="java.home" value="/Library/Java/JavaVirtualMachines/jdk1.8.0_241.jdk/Contents/Home/jre"/>
    <property name="basedir" value="/Users/b0216240/Desktop/TestJavaProject/RestAssuredAssignment"/>
    <property name="file.separator" value="/"/>
    <property name="line.separator" value="&#10;"/>
    <property name="java.vm.specification.vendor" value="Oracle Corporation"/>
    <property name="java.specification.name" value="Java Platform API Specification"/>
    <property name="java.awt.graphicsenv" value="sun.awt.CGraphicsEnvironment"/>
    <property name="surefire.real.class.path" value="/Users/b0216240/Desktop/TestJavaProject/RestAssuredAssignment/target/surefire/surefirebooter3676195005191357317.jar"/>
    <property name="sun.boot.class.path" value="/Library/Java/JavaVirtualMachines/jdk1.8.0_241.jdk/Contents/Home/jre/lib/resources.jar:/Library/Java/JavaVirtualMachines/jdk1.8.0_241.jdk/Contents/Home/jre/lib/rt.jar:/Library/Java/JavaVirtualMachines/jdk1.8.0_241.jdk/Contents/Home/jre/lib/sunrsasign.jar:/Library/Java/JavaVirtualMachines/jdk1.8.0_241.jdk/Contents/Home/jre/lib/jsse.jar:/Library/Java/JavaVirtualMachines/jdk1.8.0_241.jdk/Contents/Home/jre/lib/jce.jar:/Library/Java/JavaVirtualMachines/jdk1.8.0_241.jdk/Contents/Home/jre/lib/charsets.jar:/Library/Java/JavaVirtualMachines/jdk1.8.0_241.jdk/Contents/Home/jre/lib/jfr.jar:/Library/Java/JavaVirtualMachines/jdk1.8.0_241.jdk/Contents/Home/jre/classes"/>
    <property name="sun.management.compiler" value="HotSpot 64-Bit Tiered Compilers"/>
    <property name="ftp.nonProxyHosts" value="local|*.local|169.254/16|*.169.254/16"/>
    <property name="java.runtime.version" value="1.8.0_241-b07"/>
    <property name="user.name" value="b0216240"/>
    <property name="path.separator" value=":"/>
    <property name="os.version" value="10.14.6"/>
    <property name="java.endorsed.dirs" value="/Library/Java/JavaVirtualMachines/jdk1.8.0_241.jdk/Contents/Home/jre/lib/endorsed"/>
    <property name="java.runtime.name" value="Java(TM) SE Runtime Environment"/>
    <property name="file.encoding" value="UTF-8"/>
    <property name="java.vm.name" value="Java HotSpot(TM) 64-Bit Server VM"/>
    <property name="localRepository" value="/Users/b0216240/.m2/repository"/>
    <property name="java.vendor.url.bug" value="http://bugreport.sun.com/bugreport/"/>
    <property name="java.io.tmpdir" value="/var/folders/4c/10vfb_v12455mfqbct7c_f9c0000gn/T/"/>
    <property name="java.version" value="1.8.0_241"/>
    <property name="user.dir" value="/Users/b0216240/Desktop/TestJavaProject/RestAssuredAssignment"/>
    <property name="os.arch" value="x86_64"/>
    <property name="java.vm.specification.name" value="Java Virtual Machine Specification"/>
    <property name="java.awt.printerjob" value="sun.lwawt.macosx.CPrinterJob"/>
    <property name="sun.os.patch.level" value="unknown"/>
    <property name="java.library.path" value="/Users/b0216240/Library/Java/Extensions:/Library/Java/Extensions:/Network/Library/Java/Extensions:/System/Library/Java/Extensions:/usr/lib/java:."/>
    <property name="java.vm.info" value="mixed mode"/>
    <property name="java.vendor" value="Oracle Corporation"/>
    <property name="java.vm.version" value="25.241-b07"/>
    <property name="java.ext.dirs" value="/Users/b0216240/Library/Java/Extensions:/Library/Java/JavaVirtualMachines/jdk1.8.0_241.jdk/Contents/Home/jre/lib/ext:/Library/Java/Extensions:/Network/Library/Java/Extensions:/System/Library/Java/Extensions:/usr/lib/java"/>
    <property name="sun.io.unicode.encoding" value="UnicodeBig"/>
    <property name="java.class.version" value="52.0"/>
    <property name="socksNonProxyHosts" value="local|*.local|169.254/16|*.169.254/16"/>
  </properties>
  <testcase name="createEvent" classname="googleapi.CreateEvent" time="1.358"/>
  <testcase name="createEvent" classname="googleapi.CreateEvent" time="1.08"/>
  <testcase name="createEvent" classname="googleapi.CreateEvent" time="1.049"/>
  <testcase name="createEvent" classname="googleapi.CreateEvent" time="1.288"/>
</testsuite>