<?xml version="1.0" encoding="UTF-8"?>
<!-- Generated by org.testng.reporters.JUnitReportReporter -->
<testsuite skipped="0" hostname="LTB0216240-MAC.local" name="googleapi.CreateEvent" tests="4" failures="0" timestamp="2021-07-30T10:55:32 IST" time="4.405" errors="0">
  <testcase name="createEvent" time="1.042" classname="googleapi.CreateEvent"/>
  <system-out/>
  <testcase name="createEvent" time="1.239" classname="googleapi.CreateEvent"/>
  <system-out/>
  <testcase name="createEvent" time="1.074" classname="googleapi.CreateEvent"/>
  <system-out/>
  <testcase name="createEvent" time="1.050" classname="googleapi.CreateEvent"/>
  <system-out/>
</testsuite> <!-- googleapi.CreateEvent -->
